<?xml version="1.0" encoding="UTF-8"?>
<!-- Generated by org.testng.reporters.JUnitXMLReporter -->
<testsuite hostname="jarce-as" name="Test" tests="8" failures="0" timestamp="7 Aug 2014 15:20:42 GMT" time="26.099" errors="0">
  <testcase name="testBrowseAllCategoriesAndResearch" time="0.653" classname="sb.wd.test.BrowseAllCategoriesAndResearchTest"/>
  <testcase name="testGoToAvanticaPageCopyright" time="2.457" classname="sb.wd.test.GoToAvanticaPageCopyrightTest"/>
  <testcase name="testCompleteFlow" time="4.274" classname="sb.wd.test.CompleteFlowTestCase"/>
  <testcase name="testNavigateFooterLinks" time="1.938" classname="sb.wd.test.NavigateFooterLinksTest"/>
  <testcase name="testNavigateAllCategories" time="7.633" classname="sb.wd.test.NavigateAllCategoriesTest"/>
  <testcase name="testNavigateAllTabs" time="2.132" classname="sb.wd.test.NavigateAllTabsTest"/>
  <testcase name="testSearchSection" time="0.668" classname="sb.wd.test.SearchSectionTest"/>
  <testcase name="testWhatsNewSelecting" time="0.366" classname="sb.wd.test.WhatsNewSelectingTest"/>
</testsuite> <!-- Test -->
