<?xml version="1.0" encoding="UTF-8"?>
<!-- Generated by org.testng.reporters.JUnitXMLReporter -->
<testsuite hostname="jarce-as" name="Test" tests="8" failures="0" timestamp="28 Jul 2014 15:26:37 GMT" time="24.98" errors="0">
  <testcase name="testNavigateAllCategoriesTestCase" time="6.837" classname="sb.wd.test.NavigateAllCategoriesTestCase"/>
  <testcase name="testGoToAvanticaPageCopyrightTestCase" time="2.803" classname="sb.wd.test.GoToAvanticaPageCopyrightTestCase"/>
  <testcase name="testBrowseAllCategoriesAndResearchTestCase" time="1.993" classname="sb.wd.test.BrowseAllCategoriesAndResearchTestCase"/>
  <testcase name="testCompleteFlowTestCase" time="5.599" classname="sb.wd.test.CompleteFlowTestCase"/>
  <testcase name="testNavigateAllTabs" time="3.841" classname="sb.wd.test.NavigateAllTabsTestCase"/>
  <testcase name="testNavigateFooterLinksTestCase" time="3.568" classname="sb.wd.test.NavigateFooterLinksTestCase"/>
  <testcase name="testSearchSectionTestCase" time="1.758" classname="sb.wd.test.SearchSectionTestCase"/>
  <testcase name="testWhatsNewSelectingTestCase" time="1.293" classname="sb.wd.test.WhatsNewSelectingTestCase"/>
</testsuite> <!-- Test -->
