<?xml version="1.0" encoding="UTF-8"?>
<testng-results skipped="0" failed="0" total="1" passed="1">
  <reporter-output>
  </reporter-output>
  <suite name="Default suite" duration-ms="12401" started-at="2014-08-06T00:02:31Z" finished-at="2014-08-06T00:02:43Z">
    <groups>
    </groups>
    <test name="Default test" duration-ms="12401" started-at="2014-08-06T00:02:31Z" finished-at="2014-08-06T00:02:43Z">
      <class name="sb.wd.test.CompleteFlowTestCase">
        <test-method status="PASS" signature="setUp()[pri:0, instance:sb.wd.test.CompleteFlowTestCase@12f2eb18]" name="setUp" is-config="true" duration-ms="5027" started-at="2014-08-05T18:02:32Z" finished-at="2014-08-05T18:02:37Z">
          <reporter-output>
          </reporter-output>
        </test-method> <!-- setUp -->
        <test-method status="PASS" signature="testCompleteFlowTestCase(java.lang.String, java.lang.String)[pri:0, instance:sb.wd.test.CompleteFlowTestCase@12f2eb18]" name="testCompleteFlowTestCase" duration-ms="6595" started-at="2014-08-05T18:02:37Z" data-provider="Authentication" finished-at="2014-08-05T18:02:43Z">
          <params>
            <param index="0">
              <value>
                <![CDATA[SpiritBreakerTeam]]>
              </value>
            </param>
            <param index="1">
              <value>
                <![CDATA[#spirit123]]>
              </value>
            </param>
          </params>
          <reporter-output>
          </reporter-output>
        </test-method> <!-- testCompleteFlowTestCase -->
        <test-method status="PASS" signature="tearDown()[pri:0, instance:sb.wd.test.CompleteFlowTestCase@12f2eb18]" name="tearDown" is-config="true" duration-ms="188" started-at="2014-08-05T18:02:43Z" finished-at="2014-08-05T18:02:43Z">
          <reporter-output>
          </reporter-output>
        </test-method> <!-- tearDown -->
      </class> <!-- sb.wd.test.CompleteFlowTestCase -->
    </test> <!-- Default test -->
  </suite> <!-- Default suite -->
</testng-results>
