<?xml version="1.0" encoding="UTF-8"?>
<testng-results skipped="0" failed="0" total="1" passed="1">
  <reporter-output>
  </reporter-output>
  <suite name="Default suite" duration-ms="10256" started-at="2014-08-04T23:30:17Z" finished-at="2014-08-04T23:30:27Z">
    <groups>
    </groups>
    <test name="Default test" duration-ms="10256" started-at="2014-08-04T23:30:17Z" finished-at="2014-08-04T23:30:27Z">
      <class name="sb.wd.test.NavigateAllCategoriesTest">
        <test-method status="PASS" signature="setUp()[pri:0, instance:sb.wd.test.NavigateAllCategoriesTest@7703c25f]" name="setUp" is-config="true" duration-ms="4975" started-at="2014-08-04T17:30:17Z" finished-at="2014-08-04T17:30:22Z">
          <reporter-output>
          </reporter-output>
        </test-method> <!-- setUp -->
        <test-method status="PASS" signature="testNavigateAllCategoriesTestCase()[pri:0, instance:sb.wd.test.NavigateAllCategoriesTest@7703c25f]" name="testNavigateAllCategoriesTestCase" duration-ms="5091" started-at="2014-08-04T17:30:22Z" finished-at="2014-08-04T17:30:27Z">
          <reporter-output>
          </reporter-output>
        </test-method> <!-- testNavigateAllCategoriesTestCase -->
        <test-method status="PASS" signature="tearDown()[pri:0, instance:sb.wd.test.NavigateAllCategoriesTest@7703c25f]" name="tearDown" is-config="true" duration-ms="181" started-at="2014-08-04T17:30:27Z" finished-at="2014-08-04T17:30:27Z">
          <reporter-output>
          </reporter-output>
        </test-method> <!-- tearDown -->
      </class> <!-- sb.wd.test.NavigateAllCategoriesTest -->
    </test> <!-- Default test -->
  </suite> <!-- Default suite -->
</testng-results>
